  Source.cpp
c:\users\game110pm\source\repos\allegro pac man\allegro pac man\source.cpp(35): error C2143: syntax error: missing ')' before '('
c:\users\game110pm\source\repos\allegro pac man\allegro pac man\source.cpp(35): error C4430: missing type specifier - int assumed. Note: C++ does not support default-int
c:\users\game110pm\source\repos\allegro pac man\allegro pac man\source.cpp(35): error C2365: 'al_install_system': redefinition; previous definition was 'function'
  c:\users\game110pm\source\repos\allegro pac man\packages\allegro.5.2.4.0\build\native\include\allegro5\system.h(17): note: see declaration of 'al_install_system'
c:\users\game110pm\source\repos\allegro pac man\allegro pac man\source.cpp(35): error C2059: syntax error: ')'
c:\users\game110pm\source\repos\allegro pac man\allegro pac man\source.cpp(36): error C4430: missing type specifier - int assumed. Note: C++ does not support default-int
c:\users\game110pm\source\repos\allegro pac man\allegro pac man\source.cpp(36): error C2556: 'int al_install_keyboard(void)': overloaded function differs only by return type from 'bool al_install_keyboard(void)'
  c:\users\game110pm\source\repos\allegro pac man\packages\allegro.5.2.4.0\build\native\include\allegro5\keyboard.h(44): note: see declaration of 'al_install_keyboard'
c:\users\game110pm\source\repos\allegro pac man\allegro pac man\source.cpp(36): error C2371: 'al_install_keyboard': redefinition; different basic types
  c:\users\game110pm\source\repos\allegro pac man\packages\allegro.5.2.4.0\build\native\include\allegro5\keyboard.h(44): note: see declaration of 'al_install_keyboard'
c:\users\game110pm\source\repos\allegro pac man\allegro pac man\source.cpp(38): error C4430: missing type specifier - int assumed. Note: C++ does not support default-int
c:\users\game110pm\source\repos\allegro pac man\allegro pac man\source.cpp(38): error C2440: 'initializing': cannot convert from 'ALLEGRO_TIMER *' to 'int'
  c:\users\game110pm\source\repos\allegro pac man\allegro pac man\source.cpp(38): note: There is no context in which this conversion is possible
c:\users\game110pm\source\repos\allegro pac man\allegro pac man\source.cpp(40): error C4430: missing type specifier - int assumed. Note: C++ does not support default-int
c:\users\game110pm\source\repos\allegro pac man\allegro pac man\source.cpp(40): error C2440: 'initializing': cannot convert from 'ALLEGRO_DISPLAY *' to 'int'
  c:\users\game110pm\source\repos\allegro pac man\allegro pac man\source.cpp(40): note: There is no context in which this conversion is possible
c:\users\game110pm\source\repos\allegro pac man\allegro pac man\source.cpp(42): error C4430: missing type specifier - int assumed. Note: C++ does not support default-int
c:\users\game110pm\source\repos\allegro pac man\allegro pac man\source.cpp(42): error C2040: 'PacMan': 'int' differs in levels of indirection from 'ALLEGRO_BITMAP *'
c:\users\game110pm\source\repos\allegro pac man\allegro pac man\source.cpp(42): error C2440: 'initializing': cannot convert from 'ALLEGRO_BITMAP *' to 'int'
  c:\users\game110pm\source\repos\allegro pac man\allegro pac man\source.cpp(42): note: There is no context in which this conversion is possible
c:\users\game110pm\source\repos\allegro pac man\allegro pac man\source.cpp(43): error C4430: missing type specifier - int assumed. Note: C++ does not support default-int
c:\users\game110pm\source\repos\allegro pac man\allegro pac man\source.cpp(43): error C2365: 'al_set_target_bitmap': redefinition; previous definition was 'function'
  c:\users\game110pm\source\repos\allegro pac man\packages\allegro.5.2.4.0\build\native\include\allegro5\display.h(134): note: see declaration of 'al_set_target_bitmap'
c:\users\game110pm\source\repos\allegro pac man\allegro pac man\source.cpp(44): error C4430: missing type specifier - int assumed. Note: C++ does not support default-int
c:\users\game110pm\source\repos\allegro pac man\allegro pac man\source.cpp(44): error C2365: 'al_clear_to_color': redefinition; previous definition was 'function'
  c:\users\game110pm\source\repos\allegro pac man\packages\allegro.5.2.4.0\build\native\include\allegro5\drawing.h(12): note: see declaration of 'al_clear_to_color'
c:\users\game110pm\source\repos\allegro pac man\allegro pac man\source.cpp(46): error C4430: missing type specifier - int assumed. Note: C++ does not support default-int
c:\users\game110pm\source\repos\allegro pac man\allegro pac man\source.cpp(46): error C2040: 'wall': 'int' differs in levels of indirection from 'ALLEGRO_BITMAP *'
c:\users\game110pm\source\repos\allegro pac man\allegro pac man\source.cpp(46): error C2440: 'initializing': cannot convert from 'ALLEGRO_BITMAP *' to 'int'
  c:\users\game110pm\source\repos\allegro pac man\allegro pac man\source.cpp(46): note: There is no context in which this conversion is possible
c:\users\game110pm\source\repos\allegro pac man\allegro pac man\source.cpp(47): error C4430: missing type specifier - int assumed. Note: C++ does not support default-int
c:\users\game110pm\source\repos\allegro pac man\allegro pac man\source.cpp(47): error C2365: 'al_set_target_bitmap': redefinition; previous definition was 'function'
  c:\users\game110pm\source\repos\allegro pac man\packages\allegro.5.2.4.0\build\native\include\allegro5\display.h(134): note: see declaration of 'al_set_target_bitmap'
c:\users\game110pm\source\repos\allegro pac man\allegro pac man\source.cpp(48): error C4430: missing type specifier - int assumed. Note: C++ does not support default-int
c:\users\game110pm\source\repos\allegro pac man\allegro pac man\source.cpp(48): error C2365: 'al_clear_to_color': redefinition; previous definition was 'function'
  c:\users\game110pm\source\repos\allegro pac man\packages\allegro.5.2.4.0\build\native\include\allegro5\drawing.h(12): note: see declaration of 'al_clear_to_color'
c:\users\game110pm\source\repos\allegro pac man\allegro pac man\source.cpp(50): error C4430: missing type specifier - int assumed. Note: C++ does not support default-int
c:\users\game110pm\source\repos\allegro pac man\allegro pac man\source.cpp(50): error C2040: 'food': 'int' differs in levels of indirection from 'ALLEGRO_BITMAP *'
c:\users\game110pm\source\repos\allegro pac man\allegro pac man\source.cpp(50): error C2440: 'initializing': cannot convert from 'ALLEGRO_BITMAP *' to 'int'
  c:\users\game110pm\source\repos\allegro pac man\allegro pac man\source.cpp(50): note: There is no context in which this conversion is possible
c:\users\game110pm\source\repos\allegro pac man\allegro pac man\source.cpp(51): error C4430: missing type specifier - int assumed. Note: C++ does not support default-int
c:\users\game110pm\source\repos\allegro pac man\allegro pac man\source.cpp(51): error C2365: 'al_set_target_bitmap': redefinition; previous definition was 'function'
  c:\users\game110pm\source\repos\allegro pac man\packages\allegro.5.2.4.0\build\native\include\allegro5\display.h(134): note: see declaration of 'al_set_target_bitmap'
c:\users\game110pm\source\repos\allegro pac man\allegro pac man\source.cpp(52): error C4430: missing type specifier - int assumed. Note: C++ does not support default-int
c:\users\game110pm\source\repos\allegro pac man\allegro pac man\source.cpp(52): error C2365: 'al_clear_to_color': redefinition; previous definition was 'function'
  c:\users\game110pm\source\repos\allegro pac man\packages\allegro.5.2.4.0\build\native\include\allegro5\drawing.h(12): note: see declaration of 'al_clear_to_color'
c:\users\game110pm\source\repos\allegro pac man\allegro pac man\source.cpp(54): error C2664: 'ALLEGRO_BITMAP *al_get_backbuffer(ALLEGRO_DISPLAY *)': cannot convert argument 1 from 'int' to 'ALLEGRO_DISPLAY *'
  c:\users\game110pm\source\repos\allegro pac man\allegro pac man\source.cpp(54): note: Conversion from integral type to pointer type requires reinterpret_cast, C-style cast or function-style cast
c:\users\game110pm\source\repos\allegro pac man\allegro pac man\source.cpp(54): error C4430: missing type specifier - int assumed. Note: C++ does not support default-int
c:\users\game110pm\source\repos\allegro pac man\allegro pac man\source.cpp(54): error C2365: 'al_set_target_bitmap': redefinition; previous definition was 'function'
  c:\users\game110pm\source\repos\allegro pac man\packages\allegro.5.2.4.0\build\native\include\allegro5\display.h(134): note: see declaration of 'al_set_target_bitmap'
c:\users\game110pm\source\repos\allegro pac man\allegro pac man\source.cpp(56): error C4430: missing type specifier - int assumed. Note: C++ does not support default-int
c:\users\game110pm\source\repos\allegro pac man\allegro pac man\source.cpp(56): error C2440: 'initializing': cannot convert from 'ALLEGRO_EVENT_QUEUE *' to 'int'
  c:\users\game110pm\source\repos\allegro pac man\allegro pac man\source.cpp(56): note: There is no context in which this conversion is possible
c:\users\game110pm\source\repos\allegro pac man\allegro pac man\source.cpp(58): error C2664: 'ALLEGRO_EVENT_SOURCE *al_get_display_event_source(ALLEGRO_DISPLAY *)': cannot convert argument 1 from 'int' to 'ALLEGRO_DISPLAY *'
  c:\users\game110pm\source\repos\allegro pac man\allegro pac man\source.cpp(58): note: Conversion from integral type to pointer type requires reinterpret_cast, C-style cast or function-style cast
c:\users\game110pm\source\repos\allegro pac man\allegro pac man\source.cpp(58): error C4430: missing type specifier - int assumed. Note: C++ does not support default-int
c:\users\game110pm\source\repos\allegro pac man\allegro pac man\source.cpp(58): error C2365: 'al_register_event_source': redefinition; previous definition was 'function'
  c:\users\game110pm\source\repos\allegro pac man\packages\allegro.5.2.4.0\build\native\include\allegro5\events.h(249): note: see declaration of 'al_register_event_source'
c:\users\game110pm\source\repos\allegro pac man\allegro pac man\source.cpp(59): error C2664: 'ALLEGRO_EVENT_SOURCE *al_get_timer_event_source(ALLEGRO_TIMER *)': cannot convert argument 1 from 'int' to 'ALLEGRO_TIMER *'
  c:\users\game110pm\source\repos\allegro pac man\allegro pac man\source.cpp(59): note: Conversion from integral type to pointer type requires reinterpret_cast, C-style cast or function-style cast
c:\users\game110pm\source\repos\allegro pac man\allegro pac man\source.cpp(59): error C4430: missing type specifier - int assumed. Note: C++ does not support default-int
c:\users\game110pm\source\repos\allegro pac man\allegro pac man\source.cpp(59): error C2365: 'al_register_event_source': redefinition; previous definition was 'function'
  c:\users\game110pm\source\repos\allegro pac man\packages\allegro.5.2.4.0\build\native\include\allegro5\events.h(249): note: see declaration of 'al_register_event_source'
c:\users\game110pm\source\repos\allegro pac man\allegro pac man\source.cpp(60): error C4430: missing type specifier - int assumed. Note: C++ does not support default-int
c:\users\game110pm\source\repos\allegro pac man\allegro pac man\source.cpp(60): error C2365: 'al_register_event_source': redefinition; previous definition was 'function'
  c:\users\game110pm\source\repos\allegro pac man\packages\allegro.5.2.4.0\build\native\include\allegro5\events.h(249): note: see declaration of 'al_register_event_source'
c:\users\game110pm\source\repos\allegro pac man\allegro pac man\source.cpp(62): error C4430: missing type specifier - int assumed. Note: C++ does not support default-int
c:\users\game110pm\source\repos\allegro pac man\allegro pac man\source.cpp(62): error C2365: 'al_clear_to_color': redefinition; previous definition was 'function'
  c:\users\game110pm\source\repos\allegro pac man\packages\allegro.5.2.4.0\build\native\include\allegro5\drawing.h(12): note: see declaration of 'al_clear_to_color'
c:\users\game110pm\source\repos\allegro pac man\allegro pac man\source.cpp(64): error C4430: missing type specifier - int assumed. Note: C++ does not support default-int
c:\users\game110pm\source\repos\allegro pac man\allegro pac man\source.cpp(64): error C2556: 'int al_flip_display(void)': overloaded function differs only by return type from 'void al_flip_display(void)'
  c:\users\game110pm\source\repos\allegro pac man\packages\allegro.5.2.4.0\build\native\include\allegro5\display.h(141): note: see declaration of 'al_flip_display'
c:\users\game110pm\source\repos\allegro pac man\allegro pac man\source.cpp(64): error C2371: 'al_flip_display': redefinition; different basic types
  c:\users\game110pm\source\repos\allegro pac man\packages\allegro.5.2.4.0\build\native\include\allegro5\display.h(141): note: see declaration of 'al_flip_display'
c:\users\game110pm\source\repos\allegro pac man\allegro pac man\source.cpp(66): error C4430: missing type specifier - int assumed. Note: C++ does not support default-int
c:\users\game110pm\source\repos\allegro pac man\allegro pac man\source.cpp(66): error C2365: 'al_start_timer': redefinition; previous definition was 'function'
  c:\users\game110pm\source\repos\allegro pac man\packages\allegro.5.2.4.0\build\native\include\allegro5\timer.h(51): note: see declaration of 'al_start_timer'
c:\users\game110pm\source\repos\allegro pac man\allegro pac man\source.cpp(68): error C2059: syntax error: 'while'
c:\users\game110pm\source\repos\allegro pac man\allegro pac man\source.cpp(69): error C2143: syntax error: missing ';' before '{'
c:\users\game110pm\source\repos\allegro pac man\allegro pac man\source.cpp(69): error C2447: '{': missing function header (old-style formal list?)
c:\users\game110pm\source\repos\allegro pac man\allegro pac man\source.cpp(166): error C4430: missing type specifier - int assumed. Note: C++ does not support default-int
c:\users\game110pm\source\repos\allegro pac man\allegro pac man\source.cpp(166): error C2365: 'al_destroy_bitmap': redefinition; previous definition was 'function'
  c:\users\game110pm\source\repos\allegro pac man\packages\allegro.5.2.4.0\build\native\include\allegro5\bitmap.h(58): note: see declaration of 'al_destroy_bitmap'
c:\users\game110pm\source\repos\allegro pac man\allegro pac man\source.cpp(167): error C4430: missing type specifier - int assumed. Note: C++ does not support default-int
c:\users\game110pm\source\repos\allegro pac man\allegro pac man\source.cpp(167): error C2365: 'al_destroy_timer': redefinition; previous definition was 'function'
  c:\users\game110pm\source\repos\allegro pac man\packages\allegro.5.2.4.0\build\native\include\allegro5\timer.h(50): note: see declaration of 'al_destroy_timer'
c:\users\game110pm\source\repos\allegro pac man\allegro pac man\source.cpp(168): error C4430: missing type specifier - int assumed. Note: C++ does not support default-int
c:\users\game110pm\source\repos\allegro pac man\allegro pac man\source.cpp(168): error C2365: 'al_destroy_display': redefinition; previous definition was 'function'
  c:\users\game110pm\source\repos\allegro pac man\packages\allegro.5.2.4.0\build\native\include\allegro5\display.h(132): note: see declaration of 'al_destroy_display'
c:\users\game110pm\source\repos\allegro pac man\allegro pac man\source.cpp(169): error C4430: missing type specifier - int assumed. Note: C++ does not support default-int
c:\users\game110pm\source\repos\allegro pac man\allegro pac man\source.cpp(169): error C2365: 'al_destroy_event_queue': redefinition; previous definition was 'function'
  c:\users\game110pm\source\repos\allegro pac man\packages\allegro.5.2.4.0\build\native\include\allegro5\events.h(246): note: see declaration of 'al_destroy_event_queue'
c:\users\game110pm\source\repos\allegro pac man\allegro pac man\source.cpp(171): error C2059: syntax error: 'return'
c:\users\game110pm\source\repos\allegro pac man\allegro pac man\source.cpp(172): error C2059: syntax error: '}'
c:\users\game110pm\source\repos\allegro pac man\allegro pac man\source.cpp(172): error C2143: syntax error: missing ';' before '}'
c:\users\game110pm\source\repos\allegro pac man\allegro pac man\source.cpp(175): error C2143: syntax error: missing ';' before '{'
c:\users\game110pm\source\repos\allegro pac man\allegro pac man\source.cpp(175): error C2447: '{': missing function header (old-style formal list?)
